<?xml version="1.0" encoding="UTF-8"?>
<!-- Generated by org.testng.reporters.JUnitXMLReporter -->
<testsuite hostname="Arnabs-MacBook-Pro.local" ignored="0" name="DataDrive" tests="2" failures="0" timestamp="20 Aug 2018 10:54:56 GMT" time="42.376" errors="0">
  <testcase name="enterSearchCriteria" time="16.427" classname="com.uiFramework.myComp.myApp.testScripts.HomePageTestDataDrivenTest"/>
  <testcase name="enterSearchCriteria" time="0.001" classname="com.uiFramework.myComp.myApp.testScripts.HomePageTestDataDrivenTest">
    <skipped/>
  </testcase> <!-- enterSearchCriteria -->
</testsuite> <!-- DataDrive -->
