<?xml version="1.0" encoding="UTF-8"?>
<!-- Generated by org.testng.reporters.JUnitXMLReporter -->
<testsuite hostname="Arnabs-MacBook-Pro.local" ignored="3" name="Scroll" tests="2" failures="0" timestamp="11 Aug 2018 03:09:38 GMT" time="46.17" errors="0">
  <testcase name="enterSearchCriteria" time="15.688" classname="com.uiFramework.myComp.myApp.testScripts.HomePageTest"/>
  <testcase name="scrollAndClick" time="13.409" classname="com.uiFramework.myComp.myApp.testScripts.ProductPageTest"/>
  <testcase name="@AfterTest afterTest" time="0.0" classname="com.uiFramework.myComp.myApp.testBase.TestBaseRunner">
    <ignored/>
  </testcase> <!-- @AfterTest afterTest -->
  <testcase name="@BeforeTest setUp" time="0.0" classname="com.uiFramework.myComp.myApp.testBase.TestBaseRunner">
    <ignored/>
  </testcase> <!-- @BeforeTest setUp -->
  <testcase name="randomItem" time="0.0" classname="com.uiFramework.myComp.myApp.testScripts.ProductPageTest">
    <ignored/>
  </testcase> <!-- randomItem -->
</testsuite> <!-- Scroll -->
