<?xml version="1.0" encoding="UTF-8"?>
<testng-results skipped="0" failed="0" ignored="0" total="1" passed="1">
  <reporter-output>
    <line>
      <![CDATA[excel location /Users/arnabbhuiya/git/AppiumFramework/uiFramework/src/main/resources/configFile/testData.xlsx]]>
    </line>
    <line>
      <![CDATA[captureScreen method called]]>
    </line>
  </reporter-output>
  <suite name="Default suite" duration-ms="44498" started-at="2018-08-30T14:02:31Z" finished-at="2018-08-30T14:03:15Z">
    <groups>
    </groups>
    <test name="Default test" duration-ms="44498" started-at="2018-08-30T14:02:31Z" finished-at="2018-08-30T14:03:15Z">
      <class name="com.uiFramework.myComp.myApp.testScripts.HomePageTest">
        <test-method status="PASS" signature="setUp()[pri:0, instance:com.uiFramework.myComp.myApp.testScripts.HomePageTest@5a8806ef]" name="setUp" is-config="true" duration-ms="20262" started-at="2018-08-30T19:32:31Z" finished-at="2018-08-30T19:32:51Z">
          <reporter-output>
          </reporter-output>
        </test-method> <!-- setUp -->
        <test-method status="PASS" signature="beforeMethod(java.lang.reflect.Method)[pri:0, instance:com.uiFramework.myComp.myApp.testScripts.HomePageTest@5a8806ef]" name="beforeMethod" is-config="true" duration-ms="2" started-at="2018-08-30T19:32:51Z" description="capture the name of method called" finished-at="2018-08-30T19:32:51Z">
          <params>
            <param index="0">
              <value>
                <![CDATA[public void com.uiFramework.myComp.myApp.testScripts.HomePageTest.enterSearchCriteria() throws java.lang.InterruptedException]]>
              </value>
            </param>
          </params>
          <reporter-output>
          </reporter-output>
        </test-method> <!-- beforeMethod -->
        <test-method status="PASS" signature="enterSearchCriteria()[pri:0, instance:com.uiFramework.myComp.myApp.testScripts.HomePageTest@5a8806ef]" name="enterSearchCriteria" duration-ms="20050" started-at="2018-08-30T19:32:51Z" finished-at="2018-08-30T19:33:11Z">
          <reporter-output>
            <line>
              <![CDATA[excel location /Users/arnabbhuiya/git/AppiumFramework/uiFramework/src/main/resources/configFile/testData.xlsx]]>
            </line>
          </reporter-output>
        </test-method> <!-- enterSearchCriteria -->
        <test-method status="PASS" signature="afterMethod(org.testng.ITestResult)[pri:0, instance:com.uiFramework.myComp.myApp.testScripts.HomePageTest@5a8806ef]" name="afterMethod" is-config="true" duration-ms="1104" started-at="2018-08-30T19:33:11Z" description="capture the screenshot of the method called" finished-at="2018-08-30T19:33:12Z">
          <params>
            <param index="0">
              <value>
                <![CDATA[[TestResult name=enterSearchCriteria status=SUCCESS method=HomePageTest.enterSearchCriteria()[pri:0, instance:com.uiFramework.myComp.myApp.testScripts.HomePageTest@5a8806ef] output=excel location /Users/arnabbhuiya/git/AppiumFramework/uiFramework/src/main/resources/configFile/testData.xlsx]]]>
              </value>
            </param>
          </params>
          <reporter-output>
            <line>
              <![CDATA[captureScreen method called]]>
            </line>
          </reporter-output>
        </test-method> <!-- afterMethod -->
        <test-method status="PASS" signature="afterTest()[pri:0, instance:com.uiFramework.myComp.myApp.testScripts.HomePageTest@5a8806ef]" name="afterTest" is-config="true" duration-ms="3061" started-at="2018-08-30T19:33:12Z" finished-at="2018-08-30T19:33:15Z">
          <reporter-output>
          </reporter-output>
        </test-method> <!-- afterTest -->
      </class> <!-- com.uiFramework.myComp.myApp.testScripts.HomePageTest -->
    </test> <!-- Default test -->
  </suite> <!-- Default suite -->
</testng-results>
